2021/09/15 14:00:46 [notice] 1#1: using the "epoll" event method
2021/09/15 14:00:46 [notice] 1#1: nginx/1.21.3
2021/09/15 14:00:46 [notice] 1#1: built by gcc 10.3.1 20210424 (Alpine 10.3.1_git20210424) 
2021/09/15 14:00:46 [notice] 1#1: OS: Linux 5.11.0-34-generic
2021/09/15 14:00:46 [notice] 1#1: getrlimit(RLIMIT_NOFILE): 1048576:1048576
2021/09/15 14:00:46 [notice] 1#1: start worker processes
2021/09/15 14:00:46 [notice] 1#1: start worker process 22
2021/09/15 14:00:46 [notice] 1#1: start worker process 23
2021/09/15 14:00:46 [notice] 1#1: start worker process 24
2021/09/15 14:00:46 [notice] 1#1: start worker process 25
2021/09/15 14:03:51 [notice] 1#1: signal 3 (SIGQUIT) received, shutting down
2021/09/15 14:03:51 [notice] 23#23: gracefully shutting down
2021/09/15 14:03:51 [notice] 22#22: gracefully shutting down
2021/09/15 14:03:51 [notice] 24#24: gracefully shutting down
2021/09/15 14:03:51 [notice] 23#23: exiting
2021/09/15 14:03:51 [notice] 22#22: exiting
2021/09/15 14:03:51 [notice] 24#24: exiting
2021/09/15 14:03:51 [notice] 23#23: exit
2021/09/15 14:03:51 [notice] 22#22: exit
2021/09/15 14:03:51 [notice] 24#24: exit
2021/09/15 14:03:51 [notice] 25#25: gracefully shutting down
2021/09/15 14:03:51 [notice] 25#25: exiting
2021/09/15 14:03:51 [notice] 25#25: exit
2021/09/15 14:03:51 [notice] 1#1: signal 17 (SIGCHLD) received from 23
2021/09/15 14:03:51 [notice] 1#1: worker process 23 exited with code 0
2021/09/15 14:03:51 [notice] 1#1: signal 29 (SIGIO) received
2021/09/15 14:03:51 [notice] 1#1: signal 17 (SIGCHLD) received from 24
2021/09/15 14:03:51 [notice] 1#1: worker process 22 exited with code 0
2021/09/15 14:03:51 [notice] 1#1: worker process 24 exited with code 0
2021/09/15 14:03:51 [notice] 1#1: worker process 25 exited with code 0
2021/09/15 14:03:51 [notice] 1#1: exit
2021/09/15 14:04:21 [notice] 1#1: using the "epoll" event method
2021/09/15 14:04:21 [notice] 1#1: nginx/1.21.3
2021/09/15 14:04:21 [notice] 1#1: built by gcc 10.3.1 20210424 (Alpine 10.3.1_git20210424) 
2021/09/15 14:04:21 [notice] 1#1: OS: Linux 5.11.0-34-generic
2021/09/15 14:04:21 [notice] 1#1: getrlimit(RLIMIT_NOFILE): 1048576:1048576
2021/09/15 14:04:21 [notice] 1#1: start worker processes
2021/09/15 14:04:21 [notice] 1#1: start worker process 23
2021/09/15 14:04:21 [notice] 1#1: start worker process 24
2021/09/15 14:04:21 [notice] 1#1: start worker process 25
2021/09/15 14:04:21 [notice] 1#1: start worker process 26
2021/09/15 14:05:44 [notice] 1#1: signal 3 (SIGQUIT) received, shutting down
2021/09/15 14:05:44 [notice] 23#23: gracefully shutting down
2021/09/15 14:05:44 [notice] 24#24: gracefully shutting down
2021/09/15 14:05:44 [notice] 25#25: gracefully shutting down
2021/09/15 14:05:44 [notice] 23#23: exiting
2021/09/15 14:05:44 [notice] 24#24: exiting
2021/09/15 14:05:44 [notice] 25#25: exiting
2021/09/15 14:05:44 [notice] 24#24: exit
2021/09/15 14:05:44 [notice] 23#23: exit
2021/09/15 14:05:44 [notice] 25#25: exit
2021/09/15 14:05:44 [notice] 26#26: gracefully shutting down
2021/09/15 14:05:44 [notice] 26#26: exiting
2021/09/15 14:05:44 [notice] 26#26: exit
2021/09/15 14:05:44 [notice] 1#1: signal 17 (SIGCHLD) received from 25
2021/09/15 14:05:44 [notice] 1#1: worker process 25 exited with code 0
2021/09/15 14:05:44 [notice] 1#1: signal 29 (SIGIO) received
2021/09/15 14:05:44 [notice] 1#1: signal 17 (SIGCHLD) received from 24
2021/09/15 14:05:44 [notice] 1#1: worker process 24 exited with code 0
2021/09/15 14:05:44 [notice] 1#1: worker process 26 exited with code 0
2021/09/15 14:05:44 [notice] 1#1: signal 29 (SIGIO) received
2021/09/15 14:05:44 [notice] 1#1: signal 17 (SIGCHLD) received from 26
2021/09/15 14:05:44 [notice] 1#1: signal 17 (SIGCHLD) received from 23
2021/09/15 14:05:44 [notice] 1#1: worker process 23 exited with code 0
2021/09/15 14:05:44 [notice] 1#1: exit
2021/09/15 14:05:45 [notice] 1#1: using the "epoll" event method
2021/09/15 14:05:45 [notice] 1#1: nginx/1.21.3
2021/09/15 14:05:45 [notice] 1#1: built by gcc 10.3.1 20210424 (Alpine 10.3.1_git20210424) 
2021/09/15 14:05:45 [notice] 1#1: OS: Linux 5.11.0-34-generic
2021/09/15 14:05:45 [notice] 1#1: getrlimit(RLIMIT_NOFILE): 1048576:1048576
2021/09/15 14:05:45 [notice] 1#1: start worker processes
2021/09/15 14:05:45 [notice] 1#1: start worker process 23
2021/09/15 14:05:45 [notice] 1#1: start worker process 24
2021/09/15 14:05:45 [notice] 1#1: start worker process 25
2021/09/15 14:05:45 [notice] 1#1: start worker process 26
2021/09/15 14:09:24 [error] 23#23: *1 open() "/var/www/favicon.ico" failed (2: No such file or directory), client: 172.19.0.1, server: crud.local, request: "GET /favicon.ico HTTP/1.1", host: "crud.local", referrer: "http://crud.local/"
2021/09/16 05:55:43 [error] 23#23: *29 open() "/var/www/favicon.ico" failed (2: No such file or directory), client: 172.19.0.1, server: crud.local, request: "GET /favicon.ico HTTP/1.1", host: "crud.local", referrer: "http://crud.local/"
2021/09/16 06:03:03 [error] 23#23: *43 open() "/var/www/favicon.ico" failed (2: No such file or directory), client: 172.19.0.1, server: crud.local, request: "GET /favicon.ico HTTP/1.1", host: "crud.local", referrer: "http://crud.local/"
2021/09/16 06:14:05 [error] 23#23: *63 open() "/var/www/favicon.ico" failed (2: No such file or directory), client: 172.19.0.1, server: crud.local, request: "GET /favicon.ico HTTP/1.1", host: "crud.local", referrer: "http://crud.local/"
2021/09/16 06:18:48 [error] 23#23: *73 open() "/var/www/favicon.ico" failed (2: No such file or directory), client: 172.19.0.1, server: crud.local, request: "GET /favicon.ico HTTP/1.1", host: "crud.local", referrer: "http://crud.local/"
2021/09/16 06:38:01 [error] 23#23: *99 open() "/var/www/favicon.ico" failed (2: No such file or directory), client: 172.19.0.1, server: crud.local, request: "GET /favicon.ico HTTP/1.1", host: "crud.local", referrer: "http://crud.local/"
2021/09/16 06:38:41 [error] 23#23: *99 open() "/var/www/favicon.ico" failed (2: No such file or directory), client: 172.19.0.1, server: crud.local, request: "GET /favicon.ico HTTP/1.1", host: "crud.local", referrer: "http://crud.local/"
2021/09/16 06:40:59 [error] 23#23: *103 open() "/var/www/favicon.ico" failed (2: No such file or directory), client: 172.19.0.1, server: crud.local, request: "GET /favicon.ico HTTP/1.1", host: "crud.local", referrer: "http://crud.local/"
2021/09/16 06:41:00 [error] 23#23: *103 open() "/var/www/favicon.ico" failed (2: No such file or directory), client: 172.19.0.1, server: crud.local, request: "GET /favicon.ico HTTP/1.1", host: "crud.local", referrer: "http://crud.local/update.php"
2021/09/16 06:41:03 [error] 23#23: *103 open() "/var/www/favicon.ico" failed (2: No such file or directory), client: 172.19.0.1, server: crud.local, request: "GET /favicon.ico HTTP/1.1", host: "crud.local", referrer: "http://crud.local/"
2021/09/16 06:41:05 [error] 23#23: *103 open() "/var/www/favicon.ico" failed (2: No such file or directory), client: 172.19.0.1, server: crud.local, request: "GET /favicon.ico HTTP/1.1", host: "crud.local", referrer: "http://crud.local/update.php"
2021/09/16 06:41:07 [error] 23#23: *103 open() "/var/www/favicon.ico" failed (2: No such file or directory), client: 172.19.0.1, server: crud.local, request: "GET /favicon.ico HTTP/1.1", host: "crud.local", referrer: "http://crud.local/"
2021/09/16 06:41:08 [error] 23#23: *103 open() "/var/www/favicon.ico" failed (2: No such file or directory), client: 172.19.0.1, server: crud.local, request: "GET /favicon.ico HTTP/1.1", host: "crud.local", referrer: "http://crud.local/update.php"
2021/09/16 06:41:08 [error] 23#23: *103 open() "/var/www/favicon.ico" failed (2: No such file or directory), client: 172.19.0.1, server: crud.local, request: "GET /favicon.ico HTTP/1.1", host: "crud.local", referrer: "http://crud.local/"
2021/09/16 06:41:57 [error] 23#23: *103 open() "/var/www/favicon.ico" failed (2: No such file or directory), client: 172.19.0.1, server: crud.local, request: "GET /favicon.ico HTTP/1.1", host: "crud.local", referrer: "http://crud.local/"
2021/09/16 07:14:28 [error] 23#23: *181 open() "/var/www/favicon.ico" failed (2: No such file or directory), client: 172.19.0.1, server: crud.local, request: "GET /favicon.ico HTTP/1.1", host: "crud.local", referrer: "http://crud.local/"
2021/09/16 07:20:11 [error] 23#23: *189 open() "/var/www/favicon.ico" failed (2: No such file or directory), client: 172.19.0.1, server: crud.local, request: "GET /favicon.ico HTTP/1.1", host: "crud.local", referrer: "http://crud.local/"
2021/09/16 07:20:48 [error] 23#23: *193 open() "/var/www/favicon.ico" failed (2: No such file or directory), client: 172.19.0.1, server: crud.local, request: "GET /favicon.ico HTTP/1.1", host: "crud.local", referrer: "http://crud.local/"
2021/09/16 07:20:49 [error] 23#23: *193 open() "/var/www/favicon.ico" failed (2: No such file or directory), client: 172.19.0.1, server: crud.local, request: "GET /favicon.ico HTTP/1.1", host: "crud.local", referrer: "http://crud.local/"
2021/09/16 07:21:41 [error] 23#23: *201 open() "/var/www/favicon.ico" failed (2: No such file or directory), client: 172.19.0.1, server: crud.local, request: "GET /favicon.ico HTTP/1.1", host: "crud.local", referrer: "http://crud.local/"
2021/09/16 07:31:38 [error] 23#23: *233 open() "/var/www/favicon.ico" failed (2: No such file or directory), client: 172.19.0.1, server: crud.local, request: "GET /favicon.ico HTTP/1.1", host: "crud.local", referrer: "http://crud.local/"
2021/09/16 07:36:50 [error] 23#23: *249 open() "/var/www/favicon.ico" failed (2: No such file or directory), client: 172.19.0.1, server: crud.local, request: "GET /favicon.ico HTTP/1.1", host: "crud.local", referrer: "http://crud.local/"
2021/09/16 07:47:24 [error] 23#23: *282 open() "/var/www/favicon.ico" failed (2: No such file or directory), client: 172.19.0.1, server: crud.local, request: "GET /favicon.ico HTTP/1.1", host: "crud.local", referrer: "http://crud.local/update.php"
2021/09/16 07:53:36 [error] 23#23: *295 open() "/var/www/create" failed (2: No such file or directory), client: 172.19.0.1, server: crud.local, request: "POST /create HTTP/1.1", host: "crud.local", referrer: "http://crud.local/index.php"
2021/09/16 07:53:44 [error] 23#23: *295 open() "/var/www/create" failed (2: No such file or directory), client: 172.19.0.1, server: crud.local, request: "POST /create HTTP/1.1", host: "crud.local", referrer: "http://crud.local/index.php"
2021/09/16 07:53:48 [error] 23#23: *295 open() "/var/www/create" failed (2: No such file or directory), client: 172.19.0.1, server: crud.local, request: "POST /create HTTP/1.1", host: "crud.local", referrer: "http://crud.local/index.php"
2021/09/16 08:45:21 [error] 23#23: *361 open() "/var/www/favicon.ico" failed (2: No such file or directory), client: 172.19.0.1, server: crud.local, request: "GET /favicon.ico HTTP/1.1", host: "crud.local", referrer: "http://crud.local/create.php"
2021/09/16 09:20:48 [error] 23#23: *436 open() "/var/www/favicon.ico" failed (2: No such file or directory), client: 172.19.0.1, server: crud.local, request: "GET /favicon.ico HTTP/1.1", host: "crud.local", referrer: "http://crud.local/create.php"
2021/09/16 09:21:21 [error] 23#23: *436 open() "/var/www/favicon.ico" failed (2: No such file or directory), client: 172.19.0.1, server: crud.local, request: "GET /favicon.ico HTTP/1.1", host: "crud.local", referrer: "http://crud.local/create.php"
2021/09/16 09:22:15 [error] 23#23: *439 open() "/var/www/favicon.ico" failed (2: No such file or directory), client: 172.19.0.1, server: crud.local, request: "GET /favicon.ico HTTP/1.1", host: "crud.local", referrer: "http://crud.local/create.php"
2021/09/16 11:11:07 [error] 23#23: *691 open() "/var/www/favicon.ico" failed (2: No such file or directory), client: 172.19.0.1, server: crud.local, request: "GET /favicon.ico HTTP/1.1", host: "crud.local", referrer: "http://crud.local/create.php"
2021/09/16 12:08:33 [error] 23#23: *806 open() "/var/www/favicon.ico" failed (2: No such file or directory), client: 172.19.0.1, server: crud.local, request: "GET /favicon.ico HTTP/1.1", host: "crud.local", referrer: "http://crud.local/create.php"
2021/09/16 12:18:27 [error] 23#23: *814 open() "/var/www/favicon.ico" failed (2: No such file or directory), client: 172.19.0.1, server: crud.local, request: "GET /favicon.ico HTTP/1.1", host: "crud.local", referrer: "http://crud.local/create.php"
2021/09/17 05:32:32 [error] 23#23: *1124 open() "/var/www/favicon.ico" failed (2: No such file or directory), client: 172.19.0.1, server: crud.local, request: "GET /favicon.ico HTTP/1.1", host: "crud.local", referrer: "http://crud.local/"
2021/09/17 06:03:21 [error] 23#23: *1217 open() "/var/www/favicon.ico" failed (2: No such file or directory), client: 172.19.0.1, server: crud.local, request: "GET /favicon.ico HTTP/1.1", host: "crud.local", referrer: "http://crud.local/create.php"
2021/09/17 06:03:26 [error] 23#23: *1219 open() "/var/www/favicon.ico" failed (2: No such file or directory), client: 172.19.0.1, server: crud.local, request: "GET /favicon.ico HTTP/1.1", host: "crud.local", referrer: "http://crud.local/create.php"
2021/09/17 08:09:23 [error] 23#23: *1408 open() "/var/www/favicon.ico" failed (2: No such file or directory), client: 172.19.0.1, server: crud.local, request: "GET /favicon.ico HTTP/1.1", host: "crud.local", referrer: "http://crud.local/index.php"
2021/09/17 08:09:36 [error] 23#23: *1411 open() "/var/www/favicon.ico" failed (2: No such file or directory), client: 172.19.0.1, server: crud.local, request: "GET /favicon.ico HTTP/1.1", host: "crud.local", referrer: "http://crud.local/index.php"
2021/09/17 08:11:34 [error] 23#23: *1411 open() "/var/www/favicon.ico" failed (2: No such file or directory), client: 172.19.0.1, server: crud.local, request: "GET /favicon.ico HTTP/1.1", host: "crud.local", referrer: "http://crud.local/index.php"
2021/09/17 08:20:27 [error] 23#23: *1445 open() "/var/www/favicon.ico" failed (2: No such file or directory), client: 172.19.0.1, server: crud.local, request: "GET /favicon.ico HTTP/1.1", host: "crud.local", referrer: "http://crud.local/index.php"
2021/09/17 13:54:43 [error] 23#23: *2361 open() "/var/www/favicon.ico" failed (2: No such file or directory), client: 172.19.0.1, server: crud.local, request: "GET /favicon.ico HTTP/1.1", host: "crud.local", referrer: "http://crud.local/index.php?login=1111&firstname=1111&lastname=1111&birthday=1111-11-11&btn_editor="
2021/09/17 13:56:35 [error] 23#23: *2373 open() "/var/www/favicon.ico" failed (2: No such file or directory), client: 172.19.0.1, server: crud.local, request: "GET /favicon.ico HTTP/1.1", host: "crud.local", referrer: "http://crud.local/index.php"
2021/09/17 14:30:19 [notice] 1#1: signal 3 (SIGQUIT) received, shutting down
2021/09/17 14:30:19 [notice] 23#23: gracefully shutting down
2021/09/17 14:30:19 [notice] 25#25: gracefully shutting down
2021/09/17 14:30:19 [notice] 23#23: exiting
2021/09/17 14:30:19 [notice] 25#25: exiting
2021/09/17 14:30:19 [notice] 23#23: exit
2021/09/17 14:30:19 [notice] 25#25: exit
2021/09/17 14:30:19 [notice] 26#26: gracefully shutting down
2021/09/17 14:30:19 [notice] 26#26: exiting
2021/09/17 14:30:19 [notice] 26#26: exit
2021/09/17 14:30:19 [notice] 24#24: gracefully shutting down
2021/09/17 14:30:19 [notice] 24#24: exiting
2021/09/17 14:30:19 [notice] 24#24: exit
2021/09/17 14:30:19 [notice] 1#1: signal 17 (SIGCHLD) received from 26
2021/09/17 14:30:19 [notice] 1#1: worker process 26 exited with code 0
2021/09/17 14:30:19 [notice] 1#1: signal 29 (SIGIO) received
2021/09/17 14:30:19 [notice] 1#1: signal 17 (SIGCHLD) received from 25
2021/09/17 14:30:19 [notice] 1#1: worker process 25 exited with code 0
2021/09/17 14:30:19 [notice] 1#1: signal 29 (SIGIO) received
2021/09/17 14:30:19 [notice] 1#1: signal 17 (SIGCHLD) received from 23
2021/09/17 14:30:19 [notice] 1#1: worker process 23 exited with code 0
2021/09/17 14:30:19 [notice] 1#1: signal 29 (SIGIO) received
2021/09/17 14:30:19 [notice] 1#1: signal 17 (SIGCHLD) received from 24
2021/09/17 14:30:19 [notice] 1#1: worker process 24 exited with code 0
2021/09/17 14:30:19 [notice] 1#1: exit
2021/09/20 05:38:34 [emerg] 1#1: host not found in upstream "php" in /etc/nginx/conf.d/crud.conf:11
2021/09/20 05:38:39 [emerg] 1#1: host not found in upstream "php" in /etc/nginx/conf.d/crud.conf:11
2021/09/20 05:38:45 [emerg] 1#1: host not found in upstream "php" in /etc/nginx/conf.d/crud.conf:11
2021/09/20 05:38:51 [emerg] 1#1: host not found in upstream "php" in /etc/nginx/conf.d/crud.conf:11
2021/09/20 05:39:02 [emerg] 1#1: host not found in upstream "php" in /etc/nginx/conf.d/crud.conf:11
2021/09/20 05:39:09 [emerg] 1#1: host not found in upstream "php" in /etc/nginx/conf.d/crud.conf:11
2021/09/20 05:39:17 [emerg] 1#1: host not found in upstream "php" in /etc/nginx/conf.d/crud.conf:11
2021/09/20 05:39:29 [emerg] 1#1: host not found in upstream "php" in /etc/nginx/conf.d/crud.conf:11
2021/09/20 05:39:47 [emerg] 1#1: host not found in upstream "php" in /etc/nginx/conf.d/crud.conf:11
2021/09/20 05:40:18 [emerg] 1#1: host not found in upstream "php" in /etc/nginx/conf.d/crud.conf:11
2021/09/20 05:41:15 [emerg] 1#1: host not found in upstream "php" in /etc/nginx/conf.d/crud.conf:11
2021/09/20 05:42:20 [emerg] 1#1: host not found in upstream "php" in /etc/nginx/conf.d/crud.conf:11
2021/09/20 05:43:26 [emerg] 1#1: host not found in upstream "php" in /etc/nginx/conf.d/crud.conf:11
2021/09/20 05:44:31 [emerg] 1#1: host not found in upstream "php" in /etc/nginx/conf.d/crud.conf:11
2021/09/20 05:45:36 [emerg] 1#1: host not found in upstream "php" in /etc/nginx/conf.d/crud.conf:11
2021/09/20 05:46:42 [emerg] 1#1: host not found in upstream "php" in /etc/nginx/conf.d/crud.conf:11
2021/09/20 05:47:47 [emerg] 1#1: host not found in upstream "php" in /etc/nginx/conf.d/crud.conf:11
2021/09/20 05:48:53 [emerg] 1#1: host not found in upstream "php" in /etc/nginx/conf.d/crud.conf:11
2021/09/20 05:49:58 [emerg] 1#1: host not found in upstream "php" in /etc/nginx/conf.d/crud.conf:11
2021/09/20 05:51:03 [emerg] 1#1: host not found in upstream "php" in /etc/nginx/conf.d/crud.conf:11
2021/09/20 05:52:09 [emerg] 1#1: host not found in upstream "php" in /etc/nginx/conf.d/crud.conf:11
2021/09/20 05:53:14 [emerg] 1#1: host not found in upstream "php" in /etc/nginx/conf.d/crud.conf:11
2021/09/20 05:54:20 [notice] 1#1: using the "epoll" event method
2021/09/20 05:54:20 [notice] 1#1: nginx/1.21.3
2021/09/20 05:54:20 [notice] 1#1: built by gcc 10.3.1 20210424 (Alpine 10.3.1_git20210424) 
2021/09/20 05:54:20 [notice] 1#1: OS: Linux 5.11.0-34-generic
2021/09/20 05:54:20 [notice] 1#1: getrlimit(RLIMIT_NOFILE): 1048576:1048576
2021/09/20 05:54:20 [notice] 1#1: start worker processes
2021/09/20 05:54:20 [notice] 1#1: start worker process 22
2021/09/20 05:54:20 [notice] 1#1: start worker process 23
2021/09/20 05:54:20 [notice] 1#1: start worker process 24
2021/09/20 05:54:20 [notice] 1#1: start worker process 25
2021/09/20 07:13:29 [error] 22#22: *173 open() "/var/www/favicon.ico" failed (2: No such file or directory), client: 172.19.0.1, server: crud.local, request: "GET /favicon.ico HTTP/1.1", host: "crud.local", referrer: "http://crud.local/update.php?id=3"
2021/09/20 07:17:38 [notice] 1#1: signal 3 (SIGQUIT) received, shutting down
2021/09/20 07:17:38 [notice] 22#22: gracefully shutting down
2021/09/20 07:17:38 [notice] 23#23: gracefully shutting down
2021/09/20 07:17:38 [notice] 24#24: gracefully shutting down
2021/09/20 07:17:38 [notice] 22#22: exiting
2021/09/20 07:17:38 [notice] 23#23: exiting
2021/09/20 07:17:38 [notice] 24#24: exiting
2021/09/20 07:17:38 [notice] 22#22: exit
2021/09/20 07:17:38 [notice] 23#23: exit
2021/09/20 07:17:38 [notice] 24#24: exit
2021/09/20 07:17:38 [notice] 25#25: gracefully shutting down
2021/09/20 07:17:38 [notice] 25#25: exiting
2021/09/20 07:17:38 [notice] 25#25: exit
2021/09/20 07:17:38 [notice] 1#1: signal 17 (SIGCHLD) received from 22
2021/09/20 07:17:38 [notice] 1#1: worker process 22 exited with code 0
2021/09/20 07:17:38 [notice] 1#1: worker process 24 exited with code 0
2021/09/20 07:17:38 [notice] 1#1: signal 29 (SIGIO) received
2021/09/20 07:17:38 [notice] 1#1: signal 17 (SIGCHLD) received from 25
2021/09/20 07:17:38 [notice] 1#1: worker process 25 exited with code 0
2021/09/20 07:17:38 [notice] 1#1: signal 29 (SIGIO) received
2021/09/20 07:17:38 [notice] 1#1: signal 17 (SIGCHLD) received from 23
2021/09/20 07:17:38 [notice] 1#1: worker process 23 exited with code 0
2021/09/20 07:17:38 [notice] 1#1: exit
2021/09/20 08:22:55 [notice] 1#1: using the "epoll" event method
2021/09/20 08:22:55 [notice] 1#1: nginx/1.21.3
2021/09/20 08:22:55 [notice] 1#1: built by gcc 10.3.1 20210424 (Alpine 10.3.1_git20210424) 
2021/09/20 08:22:55 [notice] 1#1: OS: Linux 5.11.0-34-generic
2021/09/20 08:22:55 [notice] 1#1: getrlimit(RLIMIT_NOFILE): 1048576:1048576
2021/09/20 08:22:55 [notice] 1#1: start worker processes
2021/09/20 08:22:55 [notice] 1#1: start worker process 22
2021/09/20 08:22:55 [notice] 1#1: start worker process 23
2021/09/20 08:22:55 [notice] 1#1: start worker process 24
2021/09/20 08:22:55 [notice] 1#1: start worker process 25
2021/09/20 08:25:37 [notice] 1#1: signal 3 (SIGQUIT) received, shutting down
2021/09/20 08:25:37 [notice] 22#22: gracefully shutting down
2021/09/20 08:25:37 [notice] 25#25: gracefully shutting down
2021/09/20 08:25:37 [notice] 23#23: gracefully shutting down
2021/09/20 08:25:37 [notice] 25#25: exiting
2021/09/20 08:25:37 [notice] 23#23: exiting
2021/09/20 08:25:37 [notice] 22#22: exiting
2021/09/20 08:25:37 [notice] 25#25: exit
2021/09/20 08:25:37 [notice] 23#23: exit
2021/09/20 08:25:37 [notice] 22#22: exit
2021/09/20 08:25:37 [notice] 24#24: gracefully shutting down
2021/09/20 08:25:37 [notice] 24#24: exiting
2021/09/20 08:25:37 [notice] 24#24: exit
2021/09/20 08:25:37 [notice] 1#1: signal 17 (SIGCHLD) received from 25
2021/09/20 08:25:37 [notice] 1#1: worker process 25 exited with code 0
2021/09/20 08:25:37 [notice] 1#1: signal 29 (SIGIO) received
2021/09/20 08:25:37 [notice] 1#1: signal 17 (SIGCHLD) received from 24
2021/09/20 08:25:37 [notice] 1#1: worker process 24 exited with code 0
2021/09/20 08:25:37 [notice] 1#1: signal 29 (SIGIO) received
2021/09/20 08:25:37 [notice] 1#1: signal 17 (SIGCHLD) received from 22
2021/09/20 08:25:37 [notice] 1#1: worker process 22 exited with code 0
2021/09/20 08:25:37 [notice] 1#1: signal 29 (SIGIO) received
2021/09/20 08:25:37 [notice] 1#1: signal 17 (SIGCHLD) received from 23
2021/09/20 08:25:37 [notice] 1#1: worker process 23 exited with code 0
2021/09/20 08:25:37 [notice] 1#1: exit
2021/09/20 09:54:02 [notice] 1#1: using the "epoll" event method
2021/09/20 09:54:02 [notice] 1#1: nginx/1.21.3
2021/09/20 09:54:02 [notice] 1#1: built by gcc 10.3.1 20210424 (Alpine 10.3.1_git20210424) 
2021/09/20 09:54:02 [notice] 1#1: OS: Linux 5.11.0-34-generic
2021/09/20 09:54:02 [notice] 1#1: getrlimit(RLIMIT_NOFILE): 1048576:1048576
2021/09/20 09:54:02 [notice] 1#1: start worker processes
2021/09/20 09:54:02 [notice] 1#1: start worker process 23
2021/09/20 09:54:02 [notice] 1#1: start worker process 24
2021/09/20 09:54:02 [notice] 1#1: start worker process 25
2021/09/20 09:54:02 [notice] 1#1: start worker process 26
2021/09/20 11:02:58 [error] 23#23: *101 open() "/var/www/user/create" failed (2: No such file or directory), client: 172.19.0.1, server: crud.local, request: "GET /user/create HTTP/1.1", host: "crud.local"
2021/09/20 11:06:25 [error] 23#23: *103 open() "/var/www/engine" failed (2: No such file or directory), client: 172.19.0.1, server: crud.local, request: "GET /engine?user/create HTTP/1.1", host: "crud.local"
2021/09/20 11:49:16 [error] 23#23: *390 open() "/var/www/favicon.ico" failed (2: No such file or directory), client: 172.19.0.1, server: crud.local, request: "GET /favicon.ico HTTP/1.1", host: "crud.local", referrer: "http://crud.local/engine.php?users/"
2021/09/20 11:59:11 [error] 23#23: *412 open() "/var/www/files/create" failed (2: No such file or directory), client: 172.19.0.1, server: crud.local, request: "GET /files/create HTTP/1.1", host: "crud.local"
2021/09/20 11:59:21 [error] 23#23: *412 "/var/www/files/index.php" is not found (2: No such file or directory), client: 172.19.0.1, server: crud.local, request: "GET /files/ HTTP/1.1", host: "crud.local"
2021/09/20 12:14:32 [error] 23#23: *416 open() "/var/www/favicon.ico" failed (2: No such file or directory), client: 172.19.0.1, server: crud.local, request: "GET /favicon.ico HTTP/1.1", host: "crud.local", referrer: "http://crud.local/engine.php?users/"
2021/09/20 12:39:20 [error] 23#23: *480 open() "/var/www/favicon.ico" failed (2: No such file or directory), client: 172.19.0.1, server: crud.local, request: "GET /favicon.ico HTTP/1.1", host: "crud.local", referrer: "http://crud.local/engine.php?users/update&id=1"
2021/09/20 12:39:38 [error] 23#23: *482 open() "/var/www/favicon.ico" failed (2: No such file or directory), client: 172.19.0.1, server: crud.local, request: "GET /favicon.ico HTTP/1.1", host: "crud.local", referrer: "http://crud.local/engine.php?users/update&id=1"
2021/09/20 12:53:04 [error] 23#23: *526 open() "/var/www/favicon.ico" failed (2: No such file or directory), client: 172.19.0.1, server: crud.local, request: "GET /favicon.ico HTTP/1.1", host: "crud.local", referrer: "http://crud.local/index_files.php"
2021/09/20 13:23:59 [notice] 1#1: signal 3 (SIGQUIT) received, shutting down
2021/09/20 13:23:59 [notice] 23#23: gracefully shutting down
2021/09/20 13:23:59 [notice] 24#24: gracefully shutting down
2021/09/20 13:23:59 [notice] 25#25: gracefully shutting down
2021/09/20 13:23:59 [notice] 23#23: exiting
2021/09/20 13:23:59 [notice] 24#24: exiting
2021/09/20 13:23:59 [notice] 25#25: exiting
2021/09/20 13:23:59 [notice] 23#23: exit
2021/09/20 13:23:59 [notice] 24#24: exit
2021/09/20 13:23:59 [notice] 25#25: exit
2021/09/20 13:23:59 [notice] 26#26: gracefully shutting down
2021/09/20 13:23:59 [notice] 26#26: exiting
2021/09/20 13:23:59 [notice] 26#26: exit
2021/09/20 13:23:59 [notice] 1#1: signal 17 (SIGCHLD) received from 23
2021/09/20 13:23:59 [notice] 1#1: worker process 23 exited with code 0
2021/09/20 13:23:59 [notice] 1#1: signal 29 (SIGIO) received
2021/09/20 13:23:59 [notice] 1#1: signal 17 (SIGCHLD) received from 26
2021/09/20 13:23:59 [notice] 1#1: worker process 26 exited with code 0
2021/09/20 13:23:59 [notice] 1#1: signal 29 (SIGIO) received
2021/09/20 13:23:59 [notice] 1#1: signal 17 (SIGCHLD) received from 24
2021/09/20 13:23:59 [notice] 1#1: worker process 24 exited with code 0
2021/09/20 13:23:59 [notice] 1#1: signal 29 (SIGIO) received
2021/09/20 13:23:59 [notice] 1#1: signal 17 (SIGCHLD) received from 25
2021/09/20 13:23:59 [notice] 1#1: worker process 25 exited with code 0
2021/09/20 13:23:59 [notice] 1#1: exit
2021/09/21 06:14:49 [notice] 1#1: using the "epoll" event method
2021/09/21 06:14:49 [notice] 1#1: nginx/1.21.3
2021/09/21 06:14:49 [notice] 1#1: built by gcc 10.3.1 20210424 (Alpine 10.3.1_git20210424) 
2021/09/21 06:14:49 [notice] 1#1: OS: Linux 5.11.0-34-generic
2021/09/21 06:14:49 [notice] 1#1: getrlimit(RLIMIT_NOFILE): 1048576:1048576
2021/09/21 06:14:49 [notice] 1#1: start worker processes
2021/09/21 06:14:49 [notice] 1#1: start worker process 22
2021/09/21 06:14:49 [notice] 1#1: start worker process 23
2021/09/21 06:14:49 [notice] 1#1: start worker process 24
2021/09/21 06:14:49 [notice] 1#1: start worker process 25
2021/09/21 06:21:10 [error] 22#22: *16 FastCGI sent in stderr: "Primary script unknown" while reading response header from upstream, client: 172.19.0.1, server: crud.local, request: "GET /file/index_files.php HTTP/1.1", upstream: "fastcgi://172.19.0.2:9000", host: "crud.local", referrer: "http://crud.local/file/create"
2021/09/21 06:21:13 [error] 22#22: *16 FastCGI sent in stderr: "Primary script unknown" while reading response header from upstream, client: 172.19.0.1, server: crud.local, request: "GET /file/index_users.php HTTP/1.1", upstream: "fastcgi://172.19.0.2:9000", host: "crud.local", referrer: "http://crud.local/file/create"
2021/09/21 07:08:10 [notice] 1#1: signal 3 (SIGQUIT) received, shutting down
2021/09/21 07:08:10 [notice] 22#22: gracefully shutting down
2021/09/21 07:08:10 [notice] 23#23: gracefully shutting down
2021/09/21 07:08:10 [notice] 22#22: exiting
2021/09/21 07:08:10 [notice] 23#23: exiting
2021/09/21 07:08:10 [notice] 22#22: exit
2021/09/21 07:08:10 [notice] 23#23: exit
2021/09/21 07:08:10 [notice] 24#24: gracefully shutting down
2021/09/21 07:08:10 [notice] 24#24: exiting
2021/09/21 07:08:10 [notice] 24#24: exit
2021/09/21 07:08:10 [notice] 25#25: gracefully shutting down
2021/09/21 07:08:10 [notice] 25#25: exiting
2021/09/21 07:08:10 [notice] 25#25: exit
2021/09/21 07:08:10 [notice] 1#1: signal 17 (SIGCHLD) received from 24
2021/09/21 07:08:10 [notice] 1#1: worker process 22 exited with code 0
2021/09/21 07:08:10 [notice] 1#1: worker process 24 exited with code 0
2021/09/21 07:08:10 [notice] 1#1: signal 29 (SIGIO) received
2021/09/21 07:08:10 [notice] 1#1: signal 17 (SIGCHLD) received from 25
2021/09/21 07:08:10 [notice] 1#1: worker process 25 exited with code 0
2021/09/21 07:08:10 [notice] 1#1: signal 29 (SIGIO) received
2021/09/21 07:08:10 [notice] 1#1: signal 17 (SIGCHLD) received from 23
2021/09/21 07:08:10 [notice] 1#1: worker process 23 exited with code 0
2021/09/21 07:08:10 [notice] 1#1: exit
2021/09/21 07:08:51 [notice] 1#1: using the "epoll" event method
2021/09/21 07:08:51 [notice] 1#1: nginx/1.21.3
2021/09/21 07:08:51 [notice] 1#1: built by gcc 10.3.1 20210424 (Alpine 10.3.1_git20210424) 
2021/09/21 07:08:51 [notice] 1#1: OS: Linux 5.11.0-34-generic
2021/09/21 07:08:51 [notice] 1#1: getrlimit(RLIMIT_NOFILE): 1048576:1048576
2021/09/21 07:08:51 [notice] 1#1: start worker processes
2021/09/21 07:08:51 [notice] 1#1: start worker process 22
2021/09/21 07:08:51 [notice] 1#1: start worker process 23
2021/09/21 07:08:51 [notice] 1#1: start worker process 24
2021/09/21 07:08:51 [notice] 1#1: start worker process 25
2021/09/21 07:20:06 [notice] 1#1: signal 3 (SIGQUIT) received, shutting down
2021/09/21 07:20:06 [notice] 23#23: gracefully shutting down
2021/09/21 07:20:06 [notice] 24#24: gracefully shutting down
2021/09/21 07:20:06 [notice] 23#23: exiting
2021/09/21 07:20:06 [notice] 24#24: exiting
2021/09/21 07:20:06 [notice] 23#23: exit
2021/09/21 07:20:06 [notice] 24#24: exit
2021/09/21 07:20:06 [notice] 22#22: gracefully shutting down
2021/09/21 07:20:06 [notice] 22#22: exiting
2021/09/21 07:20:06 [notice] 22#22: exit
2021/09/21 07:20:06 [notice] 25#25: gracefully shutting down
2021/09/21 07:20:06 [notice] 25#25: exiting
2021/09/21 07:20:06 [notice] 25#25: exit
2021/09/21 07:20:06 [notice] 1#1: signal 17 (SIGCHLD) received from 24
2021/09/21 07:20:06 [notice] 1#1: worker process 23 exited with code 0
2021/09/21 07:20:06 [notice] 1#1: worker process 24 exited with code 0
2021/09/21 07:20:06 [notice] 1#1: signal 29 (SIGIO) received
2021/09/21 07:20:06 [notice] 1#1: signal 17 (SIGCHLD) received from 23
2021/09/21 07:20:06 [notice] 1#1: signal 17 (SIGCHLD) received from 25
2021/09/21 07:20:06 [notice] 1#1: worker process 25 exited with code 0
2021/09/21 07:20:06 [notice] 1#1: signal 29 (SIGIO) received
2021/09/21 07:20:06 [notice] 1#1: signal 17 (SIGCHLD) received from 22
2021/09/21 07:20:06 [notice] 1#1: worker process 22 exited with code 0
2021/09/21 07:20:06 [notice] 1#1: exit
2021/09/21 08:44:08 [notice] 1#1: using the "epoll" event method
2021/09/21 08:44:08 [notice] 1#1: nginx/1.21.3
2021/09/21 08:44:08 [notice] 1#1: built by gcc 10.3.1 20210424 (Alpine 10.3.1_git20210424) 
2021/09/21 08:44:08 [notice] 1#1: OS: Linux 5.11.0-34-generic
2021/09/21 08:44:08 [notice] 1#1: getrlimit(RLIMIT_NOFILE): 1048576:1048576
2021/09/21 08:44:08 [notice] 1#1: start worker processes
2021/09/21 08:44:08 [notice] 1#1: start worker process 22
2021/09/21 08:44:08 [notice] 1#1: start worker process 23
2021/09/21 08:44:08 [notice] 1#1: start worker process 24
2021/09/21 08:44:08 [notice] 1#1: start worker process 25
2021/09/21 08:51:31 [error] 22#22: *18 FastCGI sent in stderr: "Primary script unknown" while reading response header from upstream, client: 172.19.0.1, server: crud.local, request: "GET /users/index_files.php HTTP/1.1", upstream: "fastcgi://172.19.0.2:9000", host: "crud.local", referrer: "http://crud.local/users/update"
2021/09/21 10:03:25 [notice] 1#1: signal 3 (SIGQUIT) received, shutting down
2021/09/21 10:03:25 [notice] 22#22: gracefully shutting down
2021/09/21 10:03:25 [notice] 23#23: gracefully shutting down
2021/09/21 10:03:25 [notice] 24#24: gracefully shutting down
2021/09/21 10:03:25 [notice] 25#25: gracefully shutting down
2021/09/21 10:03:25 [notice] 23#23: exiting
2021/09/21 10:03:25 [notice] 24#24: exiting
2021/09/21 10:03:25 [notice] 25#25: exiting
2021/09/21 10:03:25 [notice] 22#22: exiting
2021/09/21 10:03:25 [notice] 24#24: exit
2021/09/21 10:03:25 [notice] 25#25: exit
2021/09/21 10:03:25 [notice] 22#22: exit
2021/09/21 10:03:25 [notice] 23#23: exit
2021/09/21 10:03:25 [notice] 1#1: signal 17 (SIGCHLD) received from 22
2021/09/21 10:03:25 [notice] 1#1: worker process 22 exited with code 0
2021/09/21 10:03:25 [notice] 1#1: signal 29 (SIGIO) received
2021/09/21 10:03:25 [notice] 1#1: signal 17 (SIGCHLD) received from 23
2021/09/21 10:03:25 [notice] 1#1: worker process 23 exited with code 0
2021/09/21 10:03:25 [notice] 1#1: worker process 24 exited with code 0
2021/09/21 10:03:25 [notice] 1#1: signal 29 (SIGIO) received
2021/09/21 10:03:25 [notice] 1#1: signal 17 (SIGCHLD) received from 25
2021/09/21 10:03:25 [notice] 1#1: worker process 25 exited with code 0
2021/09/21 10:03:25 [notice] 1#1: exit
2021/09/21 10:03:27 [notice] 1#1: using the "epoll" event method
2021/09/21 10:03:27 [notice] 1#1: nginx/1.21.3
2021/09/21 10:03:27 [notice] 1#1: built by gcc 10.3.1 20210424 (Alpine 10.3.1_git20210424) 
2021/09/21 10:03:27 [notice] 1#1: OS: Linux 5.11.0-34-generic
2021/09/21 10:03:27 [notice] 1#1: getrlimit(RLIMIT_NOFILE): 1048576:1048576
2021/09/21 10:03:27 [notice] 1#1: start worker processes
2021/09/21 10:03:27 [notice] 1#1: start worker process 22
2021/09/21 10:03:27 [notice] 1#1: start worker process 23
2021/09/21 10:03:27 [notice] 1#1: start worker process 24
2021/09/21 10:03:27 [notice] 1#1: start worker process 25
2021/09/21 10:04:16 [notice] 1#1: signal 3 (SIGQUIT) received, shutting down
2021/09/21 10:04:16 [notice] 22#22: gracefully shutting down
2021/09/21 10:04:16 [notice] 24#24: gracefully shutting down
2021/09/21 10:04:16 [notice] 23#23: gracefully shutting down
2021/09/21 10:04:16 [notice] 24#24: exiting
2021/09/21 10:04:16 [notice] 23#23: exiting
2021/09/21 10:04:16 [notice] 22#22: exiting
2021/09/21 10:04:16 [notice] 24#24: exit
2021/09/21 10:04:16 [notice] 23#23: exit
2021/09/21 10:04:16 [notice] 22#22: exit
2021/09/21 10:04:16 [notice] 25#25: gracefully shutting down
2021/09/21 10:04:16 [notice] 25#25: exiting
2021/09/21 10:04:16 [notice] 25#25: exit
2021/09/21 10:04:16 [notice] 1#1: signal 17 (SIGCHLD) received from 25
2021/09/21 10:04:16 [notice] 1#1: worker process 22 exited with code 0
2021/09/21 10:04:16 [notice] 1#1: worker process 23 exited with code 0
2021/09/21 10:04:16 [notice] 1#1: worker process 25 exited with code 0
2021/09/21 10:04:16 [notice] 1#1: signal 29 (SIGIO) received
2021/09/21 10:04:16 [notice] 1#1: signal 17 (SIGCHLD) received from 24
2021/09/21 10:04:16 [notice] 1#1: worker process 24 exited with code 0
2021/09/21 10:04:16 [notice] 1#1: exit
2021/09/21 10:04:19 [notice] 1#1: using the "epoll" event method
2021/09/21 10:04:19 [notice] 1#1: nginx/1.21.3
2021/09/21 10:04:19 [notice] 1#1: built by gcc 10.3.1 20210424 (Alpine 10.3.1_git20210424) 
2021/09/21 10:04:19 [notice] 1#1: OS: Linux 5.11.0-34-generic
2021/09/21 10:04:19 [notice] 1#1: getrlimit(RLIMIT_NOFILE): 1048576:1048576
2021/09/21 10:04:19 [notice] 1#1: start worker processes
2021/09/21 10:04:19 [notice] 1#1: start worker process 22
2021/09/21 10:04:19 [notice] 1#1: start worker process 23
2021/09/21 10:04:19 [notice] 1#1: start worker process 24
2021/09/21 10:04:19 [notice] 1#1: start worker process 25
2021/09/21 11:36:23 [error] 24#24: *254 FastCGI sent in stderr: "Primary script unknown" while reading response header from upstream, client: 172.19.0.1, server: crud.local, request: "GET /update_file.php?id=2 HTTP/1.1", upstream: "fastcgi://172.19.0.2:9000", host: "crud.local"
2021/09/21 13:09:09 [error] 24#24: *648 FastCGI sent in stderr: "Primary script unknown" while reading response header from upstream, client: 172.19.0.1, server: crud.local, request: "GET /users/index_users.php HTTP/1.1", upstream: "fastcgi://172.19.0.2:9000", host: "crud.local", referrer: "http://crud.local/users/"
2021/09/21 13:09:12 [error] 24#24: *648 FastCGI sent in stderr: "Primary script unknown" while reading response header from upstream, client: 172.19.0.1, server: crud.local, request: "GET /users/index_users.php HTTP/1.1", upstream: "fastcgi://172.19.0.2:9000", host: "crud.local", referrer: "http://crud.local/users/"
2021/09/21 13:10:28 [error] 24#24: *678 FastCGI sent in stderr: "Primary script unknown" while reading response header from upstream, client: 172.19.0.1, server: crud.local, request: "GET /users/index_users.php HTTP/1.1", upstream: "fastcgi://172.19.0.2:9000", host: "crud.local", referrer: "http://crud.local/users/"
2021/09/21 13:11:13 [error] 24#24: *678 FastCGI sent in stderr: "Primary script unknown" while reading response header from upstream, client: 172.19.0.1, server: crud.local, request: "GET /users/index_users.php HTTP/1.1", upstream: "fastcgi://172.19.0.2:9000", host: "crud.local", referrer: "http://crud.local/users/"
2021/09/21 13:26:31 [error] 24#24: *744 FastCGI sent in stderr: "Primary script unknown" while reading response header from upstream, client: 172.19.0.1, server: crud.local, request: "GET /users/index_users.php HTTP/1.1", upstream: "fastcgi://172.19.0.2:9000", host: "crud.local", referrer: "http://crud.local/users/"
2021/09/21 13:26:33 [error] 24#24: *744 FastCGI sent in stderr: "Primary script unknown" while reading response header from upstream, client: 172.19.0.1, server: crud.local, request: "GET /users/index_users.php HTTP/1.1", upstream: "fastcgi://172.19.0.2:9000", host: "crud.local", referrer: "http://crud.local/users/"
2021/09/21 13:34:18 [notice] 1#1: signal 3 (SIGQUIT) received, shutting down
2021/09/21 13:34:18 [notice] 24#24: gracefully shutting down
2021/09/21 13:34:18 [notice] 25#25: gracefully shutting down
2021/09/21 13:34:18 [notice] 23#23: gracefully shutting down
2021/09/21 13:34:18 [notice] 25#25: exiting
2021/09/21 13:34:18 [notice] 23#23: exiting
2021/09/21 13:34:18 [notice] 24#24: exiting
2021/09/21 13:34:18 [notice] 25#25: exit
2021/09/21 13:34:18 [notice] 23#23: exit
2021/09/21 13:34:18 [notice] 24#24: exit
2021/09/21 13:34:18 [notice] 22#22: gracefully shutting down
2021/09/21 13:34:18 [notice] 22#22: exiting
2021/09/21 13:34:18 [notice] 22#22: exit
2021/09/21 13:34:18 [notice] 1#1: signal 17 (SIGCHLD) received from 23
2021/09/21 13:34:18 [notice] 1#1: worker process 23 exited with code 0
2021/09/21 13:34:18 [notice] 1#1: signal 29 (SIGIO) received
2021/09/21 13:34:18 [notice] 1#1: signal 17 (SIGCHLD) received from 22
2021/09/21 13:34:18 [notice] 1#1: worker process 22 exited with code 0
2021/09/21 13:34:18 [notice] 1#1: worker process 24 exited with code 0
2021/09/21 13:34:18 [notice] 1#1: worker process 25 exited with code 0
2021/09/21 13:34:18 [notice] 1#1: exit
2021/09/21 13:34:21 [notice] 1#1: using the "epoll" event method
2021/09/21 13:34:21 [notice] 1#1: nginx/1.21.3
2021/09/21 13:34:21 [notice] 1#1: built by gcc 10.3.1 20210424 (Alpine 10.3.1_git20210424) 
2021/09/21 13:34:21 [notice] 1#1: OS: Linux 5.11.0-34-generic
2021/09/21 13:34:21 [notice] 1#1: getrlimit(RLIMIT_NOFILE): 1048576:1048576
2021/09/21 13:34:21 [notice] 1#1: start worker processes
2021/09/21 13:34:21 [notice] 1#1: start worker process 22
2021/09/21 13:34:21 [notice] 1#1: start worker process 23
2021/09/21 13:34:21 [notice] 1#1: start worker process 24
2021/09/21 13:34:21 [notice] 1#1: start worker process 25
2021/09/21 13:45:44 [notice] 1#1: signal 3 (SIGQUIT) received, shutting down
2021/09/21 13:45:44 [notice] 23#23: gracefully shutting down
2021/09/21 13:45:44 [notice] 22#22: gracefully shutting down
2021/09/21 13:45:44 [notice] 24#24: gracefully shutting down
2021/09/21 13:45:44 [notice] 23#23: exiting
2021/09/21 13:45:44 [notice] 24#24: exiting
2021/09/21 13:45:44 [notice] 22#22: exiting
2021/09/21 13:45:44 [notice] 23#23: exit
2021/09/21 13:45:44 [notice] 24#24: exit
2021/09/21 13:45:44 [notice] 22#22: exit
2021/09/21 13:45:44 [notice] 25#25: gracefully shutting down
2021/09/21 13:45:44 [notice] 25#25: exiting
2021/09/21 13:45:44 [notice] 25#25: exit
2021/09/21 13:45:44 [notice] 1#1: signal 17 (SIGCHLD) received from 22
2021/09/21 13:45:44 [notice] 1#1: worker process 22 exited with code 0
2021/09/21 13:45:44 [notice] 1#1: signal 29 (SIGIO) received
2021/09/21 13:45:44 [notice] 1#1: signal 17 (SIGCHLD) received from 25
2021/09/21 13:45:44 [notice] 1#1: worker process 24 exited with code 0
2021/09/21 13:45:44 [notice] 1#1: worker process 23 exited with code 0
2021/09/21 13:45:44 [notice] 1#1: worker process 25 exited with code 0
2021/09/21 13:45:44 [notice] 1#1: exit
2021/09/21 13:45:46 [notice] 1#1: using the "epoll" event method
2021/09/21 13:45:46 [notice] 1#1: nginx/1.21.3
2021/09/21 13:45:46 [notice] 1#1: built by gcc 10.3.1 20210424 (Alpine 10.3.1_git20210424) 
2021/09/21 13:45:46 [notice] 1#1: OS: Linux 5.11.0-34-generic
2021/09/21 13:45:46 [notice] 1#1: getrlimit(RLIMIT_NOFILE): 1048576:1048576
2021/09/21 13:45:46 [notice] 1#1: start worker processes
2021/09/21 13:45:46 [notice] 1#1: start worker process 22
2021/09/21 13:45:46 [notice] 1#1: start worker process 23
2021/09/21 13:45:46 [notice] 1#1: start worker process 24
2021/09/21 13:45:46 [notice] 1#1: start worker process 25
2021/09/21 14:01:18 [error] 23#23: *30 FastCGI sent in stderr: "Primary script unknown" while reading response header from upstream, client: 172.19.0.1, server: crud.local, request: "GET /users/index_users.php HTTP/1.1", upstream: "fastcgi://172.19.0.2:9000", host: "crud.local", referrer: "http://crud.local/users/"
2021/09/21 14:02:04 [error] 23#23: *30 FastCGI sent in stderr: "Primary script unknown" while reading response header from upstream, client: 172.19.0.1, server: crud.local, request: "GET /users/.php HTTP/1.1", upstream: "fastcgi://172.19.0.2:9000", host: "crud.local", referrer: "http://crud.local/users/create"
2021/09/21 14:13:37 [notice] 1#1: signal 3 (SIGQUIT) received, shutting down
2021/09/21 14:13:37 [notice] 24#24: gracefully shutting down
2021/09/21 14:13:37 [notice] 25#25: gracefully shutting down
2021/09/21 14:13:37 [notice] 22#22: gracefully shutting down
2021/09/21 14:13:37 [notice] 24#24: exiting
2021/09/21 14:13:37 [notice] 25#25: exiting
2021/09/21 14:13:37 [notice] 22#22: exiting
2021/09/21 14:13:37 [notice] 24#24: exit
2021/09/21 14:13:37 [notice] 22#22: exit
2021/09/21 14:13:37 [notice] 23#23: gracefully shutting down
2021/09/21 14:13:37 [notice] 23#23: exiting
2021/09/21 14:13:37 [notice] 23#23: exit
2021/09/21 14:13:37 [notice] 25#25: exit
2021/09/21 14:13:37 [notice] 1#1: signal 17 (SIGCHLD) received from 24
2021/09/21 14:13:37 [notice] 1#1: worker process 22 exited with code 0
2021/09/21 14:13:37 [notice] 1#1: worker process 24 exited with code 0
2021/09/21 14:13:37 [notice] 1#1: signal 29 (SIGIO) received
2021/09/21 14:13:37 [notice] 1#1: signal 17 (SIGCHLD) received from 22
2021/09/21 14:13:37 [notice] 1#1: signal 17 (SIGCHLD) received from 23
2021/09/21 14:13:37 [notice] 1#1: worker process 23 exited with code 0
2021/09/21 14:13:37 [notice] 1#1: signal 29 (SIGIO) received
2021/09/21 14:13:37 [notice] 1#1: signal 17 (SIGCHLD) received from 25
2021/09/21 14:13:37 [notice] 1#1: worker process 25 exited with code 0
2021/09/21 14:13:37 [notice] 1#1: exit
2021/09/22 05:37:23 [notice] 1#1: using the "epoll" event method
2021/09/22 05:37:23 [notice] 1#1: nginx/1.21.3
2021/09/22 05:37:23 [notice] 1#1: built by gcc 10.3.1 20210424 (Alpine 10.3.1_git20210424) 
2021/09/22 05:37:23 [notice] 1#1: OS: Linux 5.11.0-34-generic
2021/09/22 05:37:23 [notice] 1#1: getrlimit(RLIMIT_NOFILE): 1048576:1048576
2021/09/22 05:37:23 [notice] 1#1: start worker processes
2021/09/22 05:37:23 [notice] 1#1: start worker process 22
2021/09/22 05:37:23 [notice] 1#1: start worker process 23
2021/09/22 05:37:23 [notice] 1#1: start worker process 24
2021/09/22 05:37:23 [notice] 1#1: start worker process 25
2021/09/22 10:24:08 [notice] 1#1: signal 3 (SIGQUIT) received, shutting down
2021/09/22 10:24:08 [notice] 22#22: gracefully shutting down
2021/09/22 10:24:08 [notice] 23#23: gracefully shutting down
2021/09/22 10:24:08 [notice] 24#24: gracefully shutting down
2021/09/22 10:24:08 [notice] 22#22: exiting
2021/09/22 10:24:08 [notice] 23#23: exiting
2021/09/22 10:24:08 [notice] 24#24: exiting
2021/09/22 10:24:08 [notice] 22#22: exit
2021/09/22 10:24:08 [notice] 23#23: exit
2021/09/22 10:24:08 [notice] 24#24: exit
2021/09/22 10:24:08 [notice] 25#25: gracefully shutting down
2021/09/22 10:24:08 [notice] 25#25: exiting
2021/09/22 10:24:08 [notice] 25#25: exit
2021/09/22 10:24:08 [notice] 1#1: signal 17 (SIGCHLD) received from 23
2021/09/22 10:24:08 [notice] 1#1: worker process 22 exited with code 0
2021/09/22 10:24:08 [notice] 1#1: worker process 23 exited with code 0
2021/09/22 10:24:08 [notice] 1#1: worker process 25 exited with code 0
2021/09/22 10:24:08 [notice] 1#1: signal 29 (SIGIO) received
2021/09/22 10:24:08 [notice] 1#1: signal 17 (SIGCHLD) received from 22
2021/09/22 10:24:08 [notice] 1#1: signal 17 (SIGCHLD) received from 24
2021/09/22 10:24:08 [notice] 1#1: worker process 24 exited with code 0
2021/09/22 10:24:08 [notice] 1#1: exit
2021/09/22 10:31:38 [notice] 1#1: using the "epoll" event method
2021/09/22 10:31:38 [notice] 1#1: nginx/1.21.3
2021/09/22 10:31:38 [notice] 1#1: built by gcc 10.3.1 20210424 (Alpine 10.3.1_git20210424) 
2021/09/22 10:31:38 [notice] 1#1: OS: Linux 5.11.0-34-generic
2021/09/22 10:31:38 [notice] 1#1: getrlimit(RLIMIT_NOFILE): 1048576:1048576
2021/09/22 10:31:38 [notice] 1#1: start worker processes
2021/09/22 10:31:38 [notice] 1#1: start worker process 23
2021/09/22 10:31:38 [notice] 1#1: start worker process 24
2021/09/22 10:31:38 [notice] 1#1: start worker process 25
2021/09/22 10:31:38 [notice] 1#1: start worker process 26
2021/09/22 11:28:43 [notice] 1#1: signal 3 (SIGQUIT) received, shutting down
2021/09/22 11:28:43 [notice] 23#23: gracefully shutting down
2021/09/22 11:28:43 [notice] 24#24: gracefully shutting down
2021/09/22 11:28:43 [notice] 24#24: exiting
2021/09/22 11:28:43 [notice] 23#23: exiting
2021/09/22 11:28:43 [notice] 24#24: exit
2021/09/22 11:28:43 [notice] 23#23: exit
2021/09/22 11:28:43 [notice] 26#26: gracefully shutting down
2021/09/22 11:28:43 [notice] 26#26: exiting
2021/09/22 11:28:43 [notice] 26#26: exit
2021/09/22 11:28:43 [notice] 25#25: gracefully shutting down
2021/09/22 11:28:43 [notice] 25#25: exiting
2021/09/22 11:28:43 [notice] 25#25: exit
2021/09/22 11:28:43 [notice] 1#1: signal 17 (SIGCHLD) received from 24
2021/09/22 11:28:43 [notice] 1#1: worker process 24 exited with code 0
2021/09/22 11:28:43 [notice] 1#1: worker process 26 exited with code 0
2021/09/22 11:28:43 [notice] 1#1: signal 29 (SIGIO) received
2021/09/22 11:28:43 [notice] 1#1: signal 17 (SIGCHLD) received from 25
2021/09/22 11:28:43 [notice] 1#1: worker process 25 exited with code 0
2021/09/22 11:28:43 [notice] 1#1: signal 29 (SIGIO) received
2021/09/22 11:28:43 [notice] 1#1: signal 17 (SIGCHLD) received from 23
2021/09/22 11:28:43 [notice] 1#1: worker process 23 exited with code 0
2021/09/22 11:28:43 [notice] 1#1: exit
2021/09/22 11:50:51 [notice] 1#1: using the "epoll" event method
2021/09/22 11:50:51 [notice] 1#1: nginx/1.21.3
2021/09/22 11:50:51 [notice] 1#1: built by gcc 10.3.1 20210424 (Alpine 10.3.1_git20210424) 
2021/09/22 11:50:51 [notice] 1#1: OS: Linux 5.11.0-34-generic
2021/09/22 11:50:51 [notice] 1#1: getrlimit(RLIMIT_NOFILE): 1048576:1048576
2021/09/22 11:50:51 [notice] 1#1: start worker processes
2021/09/22 11:50:51 [notice] 1#1: start worker process 23
2021/09/22 11:50:51 [notice] 1#1: start worker process 24
2021/09/22 11:50:51 [notice] 1#1: start worker process 25
2021/09/22 11:50:51 [notice] 1#1: start worker process 26
2021/09/22 13:02:37 [notice] 1#1: signal 3 (SIGQUIT) received, shutting down
2021/09/22 13:02:37 [notice] 23#23: gracefully shutting down
2021/09/22 13:02:37 [notice] 24#24: gracefully shutting down
2021/09/22 13:02:37 [notice] 26#26: gracefully shutting down
2021/09/22 13:02:37 [notice] 24#24: exiting
2021/09/22 13:02:37 [notice] 26#26: exiting
2021/09/22 13:02:37 [notice] 23#23: exiting
2021/09/22 13:02:37 [notice] 24#24: exit
2021/09/22 13:02:37 [notice] 26#26: exit
2021/09/22 13:02:37 [notice] 23#23: exit
2021/09/22 13:02:37 [notice] 25#25: gracefully shutting down
2021/09/22 13:02:37 [notice] 25#25: exiting
2021/09/22 13:02:37 [notice] 25#25: exit
2021/09/22 13:02:37 [notice] 1#1: signal 17 (SIGCHLD) received from 26
2021/09/22 13:02:37 [notice] 1#1: worker process 23 exited with code 0
2021/09/22 13:02:37 [notice] 1#1: worker process 26 exited with code 0
2021/09/22 13:02:37 [notice] 1#1: signal 29 (SIGIO) received
2021/09/22 13:02:37 [notice] 1#1: signal 17 (SIGCHLD) received from 25
2021/09/22 13:02:37 [notice] 1#1: worker process 25 exited with code 0
2021/09/22 13:02:37 [notice] 1#1: worker process 24 exited with code 0
2021/09/22 13:02:37 [notice] 1#1: exit
2021/09/22 13:02:40 [notice] 1#1: using the "epoll" event method
2021/09/22 13:02:40 [notice] 1#1: nginx/1.21.3
2021/09/22 13:02:40 [notice] 1#1: built by gcc 10.3.1 20210424 (Alpine 10.3.1_git20210424) 
2021/09/22 13:02:40 [notice] 1#1: OS: Linux 5.11.0-34-generic
2021/09/22 13:02:40 [notice] 1#1: getrlimit(RLIMIT_NOFILE): 1048576:1048576
2021/09/22 13:02:40 [notice] 1#1: start worker processes
2021/09/22 13:02:40 [notice] 1#1: start worker process 22
2021/09/22 13:02:40 [notice] 1#1: start worker process 23
2021/09/22 13:02:40 [notice] 1#1: start worker process 24
2021/09/22 13:02:40 [notice] 1#1: start worker process 25
2021/09/22 13:05:47 [notice] 1#1: signal 3 (SIGQUIT) received, shutting down
2021/09/22 13:05:47 [notice] 22#22: gracefully shutting down
2021/09/22 13:05:47 [notice] 25#25: gracefully shutting down
2021/09/22 13:05:47 [notice] 24#24: gracefully shutting down
2021/09/22 13:05:47 [notice] 25#25: exiting
2021/09/22 13:05:47 [notice] 24#24: exiting
2021/09/22 13:05:47 [notice] 22#22: exiting
2021/09/22 13:05:47 [notice] 25#25: exit
2021/09/22 13:05:47 [notice] 24#24: exit
2021/09/22 13:05:47 [notice] 22#22: exit
2021/09/22 13:05:47 [notice] 23#23: gracefully shutting down
2021/09/22 13:05:47 [notice] 23#23: exiting
2021/09/22 13:05:47 [notice] 23#23: exit
2021/09/22 13:05:47 [notice] 1#1: signal 17 (SIGCHLD) received from 23
2021/09/22 13:05:47 [notice] 1#1: worker process 23 exited with code 0
2021/09/22 13:05:47 [notice] 1#1: worker process 24 exited with code 0
2021/09/22 13:05:47 [notice] 1#1: worker process 25 exited with code 0
2021/09/22 13:05:47 [notice] 1#1: signal 29 (SIGIO) received
2021/09/22 13:05:47 [notice] 1#1: signal 17 (SIGCHLD) received from 22
2021/09/22 13:05:47 [notice] 1#1: worker process 22 exited with code 0
2021/09/22 13:05:47 [notice] 1#1: exit
2021/09/22 13:19:53 [notice] 1#1: using the "epoll" event method
2021/09/22 13:19:53 [notice] 1#1: nginx/1.21.3
2021/09/22 13:19:53 [notice] 1#1: built by gcc 10.3.1 20210424 (Alpine 10.3.1_git20210424) 
2021/09/22 13:19:53 [notice] 1#1: OS: Linux 5.11.0-34-generic
2021/09/22 13:19:53 [notice] 1#1: getrlimit(RLIMIT_NOFILE): 1048576:1048576
2021/09/22 13:19:53 [notice] 1#1: start worker processes
2021/09/22 13:19:53 [notice] 1#1: start worker process 23
2021/09/22 13:19:53 [notice] 1#1: start worker process 24
2021/09/22 13:19:53 [notice] 1#1: start worker process 25
2021/09/22 13:19:53 [notice] 1#1: start worker process 26
2021/09/22 13:45:39 [notice] 1#1: signal 3 (SIGQUIT) received, shutting down
2021/09/22 13:45:39 [notice] 23#23: gracefully shutting down
2021/09/22 13:45:39 [notice] 24#24: gracefully shutting down
2021/09/22 13:45:39 [notice] 26#26: gracefully shutting down
2021/09/22 13:45:39 [notice] 24#24: exiting
2021/09/22 13:45:39 [notice] 26#26: exiting
2021/09/22 13:45:39 [notice] 23#23: exiting
2021/09/22 13:45:39 [notice] 24#24: exit
2021/09/22 13:45:39 [notice] 26#26: exit
2021/09/22 13:45:39 [notice] 23#23: exit
2021/09/22 13:45:39 [notice] 25#25: gracefully shutting down
2021/09/22 13:45:39 [notice] 25#25: exiting
2021/09/22 13:45:39 [notice] 25#25: exit
2021/09/22 13:45:39 [notice] 1#1: signal 17 (SIGCHLD) received from 26
2021/09/22 13:45:39 [notice] 1#1: worker process 26 exited with code 0
2021/09/22 13:45:39 [notice] 1#1: signal 29 (SIGIO) received
2021/09/22 13:45:39 [notice] 1#1: signal 17 (SIGCHLD) received from 25
2021/09/22 13:45:39 [notice] 1#1: worker process 23 exited with code 0
2021/09/22 13:45:39 [notice] 1#1: worker process 25 exited with code 0
2021/09/22 13:45:39 [notice] 1#1: signal 29 (SIGIO) received
2021/09/22 13:45:39 [notice] 1#1: signal 17 (SIGCHLD) received from 23
2021/09/22 13:45:39 [notice] 1#1: signal 17 (SIGCHLD) received from 24
2021/09/22 13:45:39 [notice] 1#1: worker process 24 exited with code 0
2021/09/22 13:45:39 [notice] 1#1: exit
2021/09/22 13:51:46 [notice] 1#1: using the "epoll" event method
2021/09/22 13:51:46 [notice] 1#1: nginx/1.21.3
2021/09/22 13:51:46 [notice] 1#1: built by gcc 10.3.1 20210424 (Alpine 10.3.1_git20210424) 
2021/09/22 13:51:46 [notice] 1#1: OS: Linux 5.11.0-34-generic
2021/09/22 13:51:46 [notice] 1#1: getrlimit(RLIMIT_NOFILE): 1048576:1048576
2021/09/22 13:51:46 [notice] 1#1: start worker processes
2021/09/22 13:51:46 [notice] 1#1: start worker process 23
2021/09/22 13:51:46 [notice] 1#1: start worker process 24
2021/09/22 13:51:46 [notice] 1#1: start worker process 25
2021/09/22 13:51:46 [notice] 1#1: start worker process 26
2021/09/22 14:31:25 [notice] 1#1: signal 3 (SIGQUIT) received, shutting down
2021/09/22 14:31:25 [notice] 23#23: gracefully shutting down
2021/09/22 14:31:25 [notice] 24#24: gracefully shutting down
2021/09/22 14:31:25 [notice] 25#25: gracefully shutting down
2021/09/22 14:31:25 [notice] 23#23: exiting
2021/09/22 14:31:25 [notice] 24#24: exiting
2021/09/22 14:31:25 [notice] 25#25: exiting
2021/09/22 14:31:25 [notice] 23#23: exit
2021/09/22 14:31:25 [notice] 24#24: exit
2021/09/22 14:31:25 [notice] 25#25: exit
2021/09/22 14:31:25 [notice] 26#26: gracefully shutting down
2021/09/22 14:31:25 [notice] 26#26: exiting
2021/09/22 14:31:25 [notice] 26#26: exit
2021/09/22 14:31:25 [notice] 1#1: signal 17 (SIGCHLD) received from 26
2021/09/22 14:31:25 [notice] 1#1: worker process 23 exited with code 0
2021/09/22 14:31:25 [notice] 1#1: worker process 25 exited with code 0
2021/09/22 14:31:25 [notice] 1#1: worker process 24 exited with code 0
2021/09/22 14:31:25 [notice] 1#1: worker process 26 exited with code 0
2021/09/22 14:31:25 [notice] 1#1: exit
2021/09/23 06:15:36 [notice] 1#1: using the "epoll" event method
2021/09/23 06:15:36 [notice] 1#1: nginx/1.21.3
2021/09/23 06:15:36 [notice] 1#1: built by gcc 10.3.1 20210424 (Alpine 10.3.1_git20210424) 
2021/09/23 06:15:36 [notice] 1#1: OS: Linux 5.11.0-34-generic
2021/09/23 06:15:36 [notice] 1#1: getrlimit(RLIMIT_NOFILE): 1048576:1048576
2021/09/23 06:15:36 [notice] 1#1: start worker processes
2021/09/23 06:15:36 [notice] 1#1: start worker process 22
2021/09/23 06:15:36 [notice] 1#1: start worker process 23
2021/09/23 06:15:36 [notice] 1#1: start worker process 24
2021/09/23 06:15:36 [notice] 1#1: start worker process 25
2021/09/23 06:51:32 [notice] 1#1: signal 3 (SIGQUIT) received, shutting down
2021/09/23 06:51:32 [notice] 24#24: gracefully shutting down
2021/09/23 06:51:32 [notice] 24#24: exiting
2021/09/23 06:51:32 [notice] 23#23: gracefully shutting down
2021/09/23 06:51:32 [notice] 23#23: exiting
2021/09/23 06:51:32 [notice] 24#24: exit
2021/09/23 06:51:32 [notice] 23#23: exit
2021/09/23 06:51:32 [notice] 25#25: gracefully shutting down
2021/09/23 06:51:32 [notice] 25#25: exiting
2021/09/23 06:51:32 [notice] 22#22: gracefully shutting down
2021/09/23 06:51:32 [notice] 22#22: exiting
2021/09/23 06:51:32 [notice] 25#25: exit
2021/09/23 06:51:32 [notice] 22#22: exit
2021/09/23 06:51:32 [notice] 1#1: signal 17 (SIGCHLD) received from 24
2021/09/23 06:51:32 [notice] 1#1: worker process 23 exited with code 0
2021/09/23 06:51:32 [notice] 1#1: worker process 24 exited with code 0
2021/09/23 06:51:32 [notice] 1#1: signal 29 (SIGIO) received
2021/09/23 06:51:32 [notice] 1#1: signal 17 (SIGCHLD) received from 25
2021/09/23 06:51:32 [notice] 1#1: worker process 25 exited with code 0
2021/09/23 06:51:32 [notice] 1#1: signal 29 (SIGIO) received
2021/09/23 06:51:32 [notice] 1#1: signal 17 (SIGCHLD) received from 22
2021/09/23 06:51:32 [notice] 1#1: worker process 22 exited with code 0
2021/09/23 06:51:32 [notice] 1#1: exit
2021/09/23 07:15:21 [notice] 1#1: using the "epoll" event method
2021/09/23 07:15:21 [notice] 1#1: nginx/1.21.3
2021/09/23 07:15:21 [notice] 1#1: built by gcc 10.3.1 20210424 (Alpine 10.3.1_git20210424) 
2021/09/23 07:15:21 [notice] 1#1: OS: Linux 5.11.0-34-generic
2021/09/23 07:15:21 [notice] 1#1: getrlimit(RLIMIT_NOFILE): 1048576:1048576
2021/09/23 07:15:21 [notice] 1#1: start worker processes
2021/09/23 07:15:21 [notice] 1#1: start worker process 22
2021/09/23 07:15:21 [notice] 1#1: start worker process 23
2021/09/23 07:15:21 [notice] 1#1: start worker process 24
2021/09/23 07:15:21 [notice] 1#1: start worker process 25
2021/09/23 10:58:20 [notice] 1#1: signal 3 (SIGQUIT) received, shutting down
2021/09/23 10:58:20 [notice] 24#24: gracefully shutting down
2021/09/23 10:58:20 [notice] 24#24: exiting
2021/09/23 10:58:20 [notice] 23#23: gracefully shutting down
2021/09/23 10:58:20 [notice] 24#24: exit
2021/09/23 10:58:20 [notice] 23#23: exiting
2021/09/23 10:58:20 [notice] 23#23: exit
2021/09/23 10:58:20 [notice] 25#25: gracefully shutting down
2021/09/23 10:58:20 [notice] 25#25: exiting
2021/09/23 10:58:20 [notice] 25#25: exit
2021/09/23 10:58:20 [notice] 22#22: gracefully shutting down
2021/09/23 10:58:20 [notice] 22#22: exiting
2021/09/23 10:58:20 [notice] 22#22: exit
2021/09/23 10:58:20 [notice] 1#1: signal 17 (SIGCHLD) received from 23
2021/09/23 10:58:20 [notice] 1#1: worker process 23 exited with code 0
2021/09/23 10:58:20 [notice] 1#1: signal 29 (SIGIO) received
2021/09/23 10:58:20 [notice] 1#1: signal 17 (SIGCHLD) received from 24
2021/09/23 10:58:20 [notice] 1#1: worker process 24 exited with code 0
2021/09/23 10:58:20 [notice] 1#1: signal 29 (SIGIO) received
2021/09/23 10:58:20 [notice] 1#1: signal 17 (SIGCHLD) received from 25
2021/09/23 10:58:20 [notice] 1#1: worker process 25 exited with code 0
2021/09/23 10:58:20 [notice] 1#1: signal 29 (SIGIO) received
2021/09/23 10:58:20 [notice] 1#1: signal 17 (SIGCHLD) received from 22
2021/09/23 10:58:20 [notice] 1#1: worker process 22 exited with code 0
2021/09/23 10:58:20 [notice] 1#1: exit
2021/09/23 11:04:40 [notice] 1#1: using the "epoll" event method
2021/09/23 11:04:40 [notice] 1#1: nginx/1.21.3
2021/09/23 11:04:40 [notice] 1#1: built by gcc 10.3.1 20210424 (Alpine 10.3.1_git20210424) 
2021/09/23 11:04:40 [notice] 1#1: OS: Linux 5.11.0-34-generic
2021/09/23 11:04:40 [notice] 1#1: getrlimit(RLIMIT_NOFILE): 1048576:1048576
2021/09/23 11:04:40 [notice] 1#1: start worker processes
2021/09/23 11:04:40 [notice] 1#1: start worker process 23
2021/09/23 11:04:40 [notice] 1#1: start worker process 24
2021/09/23 11:04:40 [notice] 1#1: start worker process 25
2021/09/23 11:04:40 [notice] 1#1: start worker process 26
2021/09/23 12:57:52 [notice] 1#1: signal 3 (SIGQUIT) received, shutting down
2021/09/23 12:57:52 [notice] 23#23: gracefully shutting down
2021/09/23 12:57:52 [notice] 24#24: gracefully shutting down
2021/09/23 12:57:52 [notice] 25#25: gracefully shutting down
2021/09/23 12:57:52 [notice] 23#23: exiting
2021/09/23 12:57:52 [notice] 25#25: exiting
2021/09/23 12:57:52 [notice] 24#24: exiting
2021/09/23 12:57:52 [notice] 23#23: exit
2021/09/23 12:57:52 [notice] 25#25: exit
2021/09/23 12:57:52 [notice] 24#24: exit
2021/09/23 12:57:52 [notice] 26#26: gracefully shutting down
2021/09/23 12:57:52 [notice] 26#26: exiting
2021/09/23 12:57:52 [notice] 26#26: exit
2021/09/23 12:57:52 [notice] 1#1: signal 17 (SIGCHLD) received from 25
2021/09/23 12:57:52 [notice] 1#1: worker process 24 exited with code 0
2021/09/23 12:57:52 [notice] 1#1: worker process 25 exited with code 0
2021/09/23 12:57:52 [notice] 1#1: signal 29 (SIGIO) received
2021/09/23 12:57:52 [notice] 1#1: signal 17 (SIGCHLD) received from 26
2021/09/23 12:57:52 [notice] 1#1: worker process 26 exited with code 0
2021/09/23 12:57:52 [notice] 1#1: signal 29 (SIGIO) received
2021/09/23 12:57:52 [notice] 1#1: signal 17 (SIGCHLD) received from 23
2021/09/23 12:57:52 [notice] 1#1: worker process 23 exited with code 0
2021/09/23 12:57:52 [notice] 1#1: exit
2021/09/23 12:57:54 [notice] 1#1: using the "epoll" event method
2021/09/23 12:57:54 [notice] 1#1: nginx/1.21.3
2021/09/23 12:57:54 [notice] 1#1: built by gcc 10.3.1 20210424 (Alpine 10.3.1_git20210424) 
2021/09/23 12:57:54 [notice] 1#1: OS: Linux 5.11.0-34-generic
2021/09/23 12:57:54 [notice] 1#1: getrlimit(RLIMIT_NOFILE): 1048576:1048576
2021/09/23 12:57:54 [notice] 1#1: start worker processes
2021/09/23 12:57:54 [notice] 1#1: start worker process 22
2021/09/23 12:57:54 [notice] 1#1: start worker process 23
2021/09/23 12:57:54 [notice] 1#1: start worker process 24
2021/09/23 12:57:54 [notice] 1#1: start worker process 25
2021/09/23 13:56:03 [notice] 1#1: signal 3 (SIGQUIT) received, shutting down
2021/09/23 13:56:03 [notice] 23#23: gracefully shutting down
2021/09/23 13:56:03 [notice] 22#22: gracefully shutting down
2021/09/23 13:56:03 [notice] 25#25: gracefully shutting down
2021/09/23 13:56:03 [notice] 23#23: exiting
2021/09/23 13:56:03 [notice] 22#22: exiting
2021/09/23 13:56:03 [notice] 25#25: exiting
2021/09/23 13:56:03 [notice] 22#22: exit
2021/09/23 13:56:03 [notice] 23#23: exit
2021/09/23 13:56:03 [notice] 25#25: exit
2021/09/23 13:56:03 [notice] 24#24: gracefully shutting down
2021/09/23 13:56:03 [notice] 24#24: exiting
2021/09/23 13:56:03 [notice] 24#24: exit
2021/09/23 13:56:03 [notice] 1#1: signal 17 (SIGCHLD) received from 25
2021/09/23 13:56:03 [notice] 1#1: worker process 22 exited with code 0
2021/09/23 13:56:03 [notice] 1#1: worker process 25 exited with code 0
2021/09/23 13:56:03 [notice] 1#1: signal 29 (SIGIO) received
2021/09/23 13:56:03 [notice] 1#1: signal 17 (SIGCHLD) received from 24
2021/09/23 13:56:03 [notice] 1#1: worker process 24 exited with code 0
2021/09/23 13:56:03 [notice] 1#1: signal 29 (SIGIO) received
2021/09/23 13:56:03 [notice] 1#1: signal 17 (SIGCHLD) received from 23
2021/09/23 13:56:03 [notice] 1#1: worker process 23 exited with code 0
2021/09/23 13:56:03 [notice] 1#1: exit
2021/09/23 13:57:32 [notice] 1#1: using the "epoll" event method
2021/09/23 13:57:32 [notice] 1#1: nginx/1.21.3
2021/09/23 13:57:32 [notice] 1#1: built by gcc 10.3.1 20210424 (Alpine 10.3.1_git20210424) 
2021/09/23 13:57:32 [notice] 1#1: OS: Linux 5.11.0-34-generic
2021/09/23 13:57:32 [notice] 1#1: getrlimit(RLIMIT_NOFILE): 1048576:1048576
2021/09/23 13:57:32 [notice] 1#1: start worker processes
2021/09/23 13:57:32 [notice] 1#1: start worker process 23
2021/09/23 13:57:32 [notice] 1#1: start worker process 24
2021/09/23 13:57:32 [notice] 1#1: start worker process 25
2021/09/23 13:57:32 [notice] 1#1: start worker process 26
2021/09/23 14:17:36 [notice] 1#1: signal 3 (SIGQUIT) received, shutting down
2021/09/23 14:17:36 [notice] 23#23: gracefully shutting down
2021/09/23 14:17:36 [notice] 25#25: gracefully shutting down
2021/09/23 14:17:36 [notice] 23#23: exiting
2021/09/23 14:17:36 [notice] 24#24: gracefully shutting down
2021/09/23 14:17:36 [notice] 25#25: exiting
2021/09/23 14:17:36 [notice] 24#24: exiting
2021/09/23 14:17:36 [notice] 25#25: exit
2021/09/23 14:17:36 [notice] 23#23: exit
2021/09/23 14:17:36 [notice] 24#24: exit
2021/09/23 14:17:36 [notice] 26#26: gracefully shutting down
2021/09/23 14:17:36 [notice] 26#26: exiting
2021/09/23 14:17:36 [notice] 26#26: exit
2021/09/23 14:17:36 [notice] 1#1: signal 17 (SIGCHLD) received from 23
2021/09/23 14:17:36 [notice] 1#1: worker process 23 exited with code 0
2021/09/23 14:17:36 [notice] 1#1: signal 29 (SIGIO) received
2021/09/23 14:17:36 [notice] 1#1: signal 17 (SIGCHLD) received from 26
2021/09/23 14:17:36 [notice] 1#1: worker process 25 exited with code 0
2021/09/23 14:17:36 [notice] 1#1: worker process 26 exited with code 0
2021/09/23 14:17:36 [notice] 1#1: signal 29 (SIGIO) received
2021/09/23 14:17:36 [notice] 1#1: signal 17 (SIGCHLD) received from 24
2021/09/23 14:17:36 [notice] 1#1: worker process 24 exited with code 0
2021/09/23 14:17:36 [notice] 1#1: exit
2021/09/24 05:51:03 [notice] 1#1: using the "epoll" event method
2021/09/24 05:51:03 [notice] 1#1: nginx/1.21.3
2021/09/24 05:51:03 [notice] 1#1: built by gcc 10.3.1 20210424 (Alpine 10.3.1_git20210424) 
2021/09/24 05:51:03 [notice] 1#1: OS: Linux 5.11.0-34-generic
2021/09/24 05:51:03 [notice] 1#1: getrlimit(RLIMIT_NOFILE): 1048576:1048576
2021/09/24 05:51:03 [notice] 1#1: start worker processes
2021/09/24 05:51:03 [notice] 1#1: start worker process 22
2021/09/24 05:51:03 [notice] 1#1: start worker process 23
2021/09/24 05:51:03 [notice] 1#1: start worker process 24
2021/09/24 05:51:03 [notice] 1#1: start worker process 25
2021/09/24 06:38:26 [notice] 1#1: signal 3 (SIGQUIT) received, shutting down
2021/09/24 06:38:26 [notice] 22#22: gracefully shutting down
2021/09/24 06:38:26 [notice] 23#23: gracefully shutting down
2021/09/24 06:38:26 [notice] 24#24: gracefully shutting down
2021/09/24 06:38:26 [notice] 23#23: exiting
2021/09/24 06:38:26 [notice] 24#24: exiting
2021/09/24 06:38:26 [notice] 22#22: exiting
2021/09/24 06:38:26 [notice] 23#23: exit
2021/09/24 06:38:26 [notice] 24#24: exit
2021/09/24 06:38:26 [notice] 22#22: exit
2021/09/24 06:38:26 [notice] 25#25: gracefully shutting down
2021/09/24 06:38:26 [notice] 25#25: exiting
2021/09/24 06:38:26 [notice] 25#25: exit
2021/09/24 06:38:26 [notice] 1#1: signal 17 (SIGCHLD) received from 22
2021/09/24 06:38:26 [notice] 1#1: worker process 22 exited with code 0
2021/09/24 06:38:26 [notice] 1#1: signal 29 (SIGIO) received
2021/09/24 06:38:26 [notice] 1#1: signal 17 (SIGCHLD) received from 23
2021/09/24 06:38:26 [notice] 1#1: worker process 23 exited with code 0
2021/09/24 06:38:26 [notice] 1#1: worker process 24 exited with code 0
2021/09/24 06:38:26 [notice] 1#1: worker process 25 exited with code 0
2021/09/24 06:38:26 [notice] 1#1: exit
2021/09/24 06:39:40 [notice] 1#1: using the "epoll" event method
2021/09/24 06:39:40 [notice] 1#1: nginx/1.21.3
2021/09/24 06:39:40 [notice] 1#1: built by gcc 10.3.1 20210424 (Alpine 10.3.1_git20210424) 
2021/09/24 06:39:40 [notice] 1#1: OS: Linux 5.11.0-34-generic
2021/09/24 06:39:40 [notice] 1#1: getrlimit(RLIMIT_NOFILE): 1048576:1048576
2021/09/24 06:39:40 [notice] 1#1: start worker processes
2021/09/24 06:39:40 [notice] 1#1: start worker process 22
2021/09/24 06:39:40 [notice] 1#1: start worker process 23
2021/09/24 06:39:40 [notice] 1#1: start worker process 24
2021/09/24 06:39:40 [notice] 1#1: start worker process 25
2021/09/24 08:49:55 [notice] 1#1: signal 3 (SIGQUIT) received, shutting down
2021/09/24 08:49:55 [notice] 22#22: gracefully shutting down
2021/09/24 08:49:55 [notice] 24#24: gracefully shutting down
2021/09/24 08:49:55 [notice] 23#23: gracefully shutting down
2021/09/24 08:49:55 [notice] 24#24: exiting
2021/09/24 08:49:55 [notice] 23#23: exiting
2021/09/24 08:49:55 [notice] 22#22: exiting
2021/09/24 08:49:55 [notice] 24#24: exit
2021/09/24 08:49:55 [notice] 23#23: exit
2021/09/24 08:49:55 [notice] 22#22: exit
2021/09/24 08:49:55 [notice] 25#25: gracefully shutting down
2021/09/24 08:49:55 [notice] 25#25: exiting
2021/09/24 08:49:55 [notice] 25#25: exit
2021/09/24 08:49:55 [notice] 1#1: signal 17 (SIGCHLD) received from 25
2021/09/24 08:49:55 [notice] 1#1: worker process 25 exited with code 0
2021/09/24 08:49:55 [notice] 1#1: signal 29 (SIGIO) received
2021/09/24 08:49:55 [notice] 1#1: signal 17 (SIGCHLD) received from 23
2021/09/24 08:49:55 [notice] 1#1: worker process 23 exited with code 0
2021/09/24 08:49:55 [notice] 1#1: signal 29 (SIGIO) received
2021/09/24 08:49:55 [notice] 1#1: signal 17 (SIGCHLD) received from 22
2021/09/24 08:49:55 [notice] 1#1: worker process 22 exited with code 0
2021/09/24 08:49:55 [notice] 1#1: signal 29 (SIGIO) received
2021/09/24 08:49:55 [notice] 1#1: signal 17 (SIGCHLD) received from 24
2021/09/24 08:49:55 [notice] 1#1: worker process 24 exited with code 0
2021/09/24 08:49:55 [notice] 1#1: exit
2021/09/24 08:55:25 [notice] 1#1: using the "epoll" event method
2021/09/24 08:55:25 [notice] 1#1: nginx/1.21.3
2021/09/24 08:55:25 [notice] 1#1: built by gcc 10.3.1 20210424 (Alpine 10.3.1_git20210424) 
2021/09/24 08:55:25 [notice] 1#1: OS: Linux 5.11.0-34-generic
2021/09/24 08:55:25 [notice] 1#1: getrlimit(RLIMIT_NOFILE): 1048576:1048576
2021/09/24 08:55:25 [notice] 1#1: start worker processes
2021/09/24 08:55:25 [notice] 1#1: start worker process 23
2021/09/24 08:55:25 [notice] 1#1: start worker process 24
2021/09/24 08:55:25 [notice] 1#1: start worker process 25
2021/09/24 08:55:25 [notice] 1#1: start worker process 26
2021/09/24 11:12:10 [notice] 1#1: signal 3 (SIGQUIT) received, shutting down
2021/09/24 11:12:10 [notice] 24#24: gracefully shutting down
2021/09/24 11:12:10 [notice] 25#25: gracefully shutting down
2021/09/24 11:12:10 [notice] 26#26: gracefully shutting down
2021/09/24 11:12:10 [notice] 24#24: exiting
2021/09/24 11:12:10 [notice] 25#25: exiting
2021/09/24 11:12:10 [notice] 26#26: exiting
2021/09/24 11:12:10 [notice] 24#24: exit
2021/09/24 11:12:10 [notice] 25#25: exit
2021/09/24 11:12:10 [notice] 26#26: exit
2021/09/24 11:12:10 [notice] 23#23: gracefully shutting down
2021/09/24 11:12:10 [notice] 23#23: exiting
2021/09/24 11:12:10 [notice] 23#23: exit
2021/09/24 11:12:10 [notice] 1#1: signal 17 (SIGCHLD) received from 25
2021/09/24 11:12:10 [notice] 1#1: worker process 25 exited with code 0
2021/09/24 11:12:10 [notice] 1#1: signal 29 (SIGIO) received
2021/09/24 11:12:10 [notice] 1#1: signal 17 (SIGCHLD) received from 26
2021/09/24 11:12:10 [notice] 1#1: worker process 24 exited with code 0
2021/09/24 11:12:10 [notice] 1#1: worker process 26 exited with code 0
2021/09/24 11:12:10 [notice] 1#1: signal 29 (SIGIO) received
2021/09/24 11:12:10 [notice] 1#1: signal 17 (SIGCHLD) received from 23
2021/09/24 11:12:10 [notice] 1#1: worker process 23 exited with code 0
2021/09/24 11:12:10 [notice] 1#1: exit
2021/09/24 11:16:15 [notice] 1#1: using the "epoll" event method
2021/09/24 11:16:15 [notice] 1#1: nginx/1.21.3
2021/09/24 11:16:15 [notice] 1#1: built by gcc 10.3.1 20210424 (Alpine 10.3.1_git20210424) 
2021/09/24 11:16:15 [notice] 1#1: OS: Linux 5.11.0-34-generic
2021/09/24 11:16:15 [notice] 1#1: getrlimit(RLIMIT_NOFILE): 1048576:1048576
2021/09/24 11:16:15 [notice] 1#1: start worker processes
2021/09/24 11:16:15 [notice] 1#1: start worker process 22
2021/09/24 11:16:15 [notice] 1#1: start worker process 23
2021/09/24 11:16:15 [notice] 1#1: start worker process 24
2021/09/24 11:16:15 [notice] 1#1: start worker process 25
2021/09/24 11:16:18 [notice] 1#1: signal 3 (SIGQUIT) received, shutting down
2021/09/24 11:16:18 [notice] 22#22: gracefully shutting down
2021/09/24 11:16:18 [notice] 23#23: gracefully shutting down
2021/09/24 11:16:18 [notice] 24#24: gracefully shutting down
2021/09/24 11:16:18 [notice] 22#22: exiting
2021/09/24 11:16:18 [notice] 23#23: exiting
2021/09/24 11:16:18 [notice] 24#24: exiting
2021/09/24 11:16:18 [notice] 22#22: exit
2021/09/24 11:16:18 [notice] 23#23: exit
2021/09/24 11:16:18 [notice] 24#24: exit
2021/09/24 11:16:18 [notice] 25#25: gracefully shutting down
2021/09/24 11:16:18 [notice] 25#25: exiting
2021/09/24 11:16:18 [notice] 25#25: exit
2021/09/24 11:16:18 [notice] 1#1: signal 17 (SIGCHLD) received from 23
2021/09/24 11:16:18 [notice] 1#1: worker process 23 exited with code 0
2021/09/24 11:16:18 [notice] 1#1: worker process 24 exited with code 0
2021/09/24 11:16:18 [notice] 1#1: signal 29 (SIGIO) received
2021/09/24 11:16:18 [notice] 1#1: signal 17 (SIGCHLD) received from 25
2021/09/24 11:16:18 [notice] 1#1: worker process 25 exited with code 0
2021/09/24 11:16:18 [notice] 1#1: signal 29 (SIGIO) received
2021/09/24 11:16:18 [notice] 1#1: signal 17 (SIGCHLD) received from 22
2021/09/24 11:16:18 [notice] 1#1: worker process 22 exited with code 0
2021/09/24 11:16:18 [notice] 1#1: exit
2021/09/24 11:21:04 [notice] 1#1: using the "epoll" event method
2021/09/24 11:21:04 [notice] 1#1: nginx/1.21.3
2021/09/24 11:21:04 [notice] 1#1: built by gcc 10.3.1 20210424 (Alpine 10.3.1_git20210424) 
2021/09/24 11:21:04 [notice] 1#1: OS: Linux 5.11.0-34-generic
2021/09/24 11:21:04 [notice] 1#1: getrlimit(RLIMIT_NOFILE): 1048576:1048576
2021/09/24 11:21:04 [notice] 1#1: start worker processes
2021/09/24 11:21:04 [notice] 1#1: start worker process 23
2021/09/24 11:21:04 [notice] 1#1: start worker process 24
2021/09/24 11:21:04 [notice] 1#1: start worker process 25
2021/09/24 11:21:04 [notice] 1#1: start worker process 26
2021/09/24 11:21:38 [notice] 1#1: signal 3 (SIGQUIT) received, shutting down
2021/09/24 11:21:38 [notice] 23#23: gracefully shutting down
2021/09/24 11:21:38 [notice] 24#24: gracefully shutting down
2021/09/24 11:21:38 [notice] 26#26: gracefully shutting down
2021/09/24 11:21:38 [notice] 24#24: exiting
2021/09/24 11:21:38 [notice] 26#26: exiting
2021/09/24 11:21:38 [notice] 23#23: exiting
2021/09/24 11:21:38 [notice] 24#24: exit
2021/09/24 11:21:38 [notice] 26#26: exit
2021/09/24 11:21:38 [notice] 23#23: exit
2021/09/24 11:21:38 [notice] 25#25: gracefully shutting down
2021/09/24 11:21:38 [notice] 25#25: exiting
2021/09/24 11:21:38 [notice] 25#25: exit
2021/09/24 11:21:38 [notice] 1#1: signal 17 (SIGCHLD) received from 23
2021/09/24 11:21:38 [notice] 1#1: worker process 23 exited with code 0
2021/09/24 11:21:38 [notice] 1#1: signal 29 (SIGIO) received
2021/09/24 11:21:38 [notice] 1#1: signal 17 (SIGCHLD) received from 26
2021/09/24 11:21:38 [notice] 1#1: worker process 24 exited with code 0
2021/09/24 11:21:38 [notice] 1#1: worker process 26 exited with code 0
2021/09/24 11:21:38 [notice] 1#1: signal 29 (SIGIO) received
2021/09/24 11:21:38 [notice] 1#1: signal 17 (SIGCHLD) received from 25
2021/09/24 11:21:38 [notice] 1#1: worker process 25 exited with code 0
2021/09/24 11:21:38 [notice] 1#1: exit
2021/09/24 11:22:19 [notice] 1#1: using the "epoll" event method
2021/09/24 11:22:19 [notice] 1#1: nginx/1.21.3
2021/09/24 11:22:19 [notice] 1#1: built by gcc 10.3.1 20210424 (Alpine 10.3.1_git20210424) 
2021/09/24 11:22:19 [notice] 1#1: OS: Linux 5.11.0-34-generic
2021/09/24 11:22:19 [notice] 1#1: getrlimit(RLIMIT_NOFILE): 1048576:1048576
2021/09/24 11:22:19 [notice] 1#1: start worker processes
2021/09/24 11:22:19 [notice] 1#1: start worker process 22
2021/09/24 11:22:19 [notice] 1#1: start worker process 23
2021/09/24 11:22:19 [notice] 1#1: start worker process 24
2021/09/24 11:22:19 [notice] 1#1: start worker process 25
2021/09/24 13:37:51 [notice] 1#1: signal 3 (SIGQUIT) received, shutting down
2021/09/24 13:37:51 [notice] 24#24: gracefully shutting down
2021/09/24 13:37:51 [notice] 25#25: gracefully shutting down
2021/09/24 13:37:51 [notice] 23#23: gracefully shutting down
2021/09/24 13:37:51 [notice] 24#24: exiting
2021/09/24 13:37:51 [notice] 25#25: exiting
2021/09/24 13:37:51 [notice] 23#23: exiting
2021/09/24 13:37:51 [notice] 24#24: exit
2021/09/24 13:37:51 [notice] 25#25: exit
2021/09/24 13:37:51 [notice] 23#23: exit
2021/09/24 13:37:51 [notice] 22#22: gracefully shutting down
2021/09/24 13:37:51 [notice] 22#22: exiting
2021/09/24 13:37:51 [notice] 22#22: exit
2021/09/24 13:37:51 [notice] 1#1: signal 17 (SIGCHLD) received from 23
2021/09/24 13:37:51 [notice] 1#1: worker process 22 exited with code 0
2021/09/24 13:37:51 [notice] 1#1: worker process 23 exited with code 0
2021/09/24 13:37:51 [notice] 1#1: worker process 24 exited with code 0
2021/09/24 13:37:51 [notice] 1#1: signal 29 (SIGIO) received
2021/09/24 13:37:51 [notice] 1#1: signal 17 (SIGCHLD) received from 22
2021/09/24 13:37:51 [notice] 1#1: signal 17 (SIGCHLD) received from 25
2021/09/24 13:37:51 [notice] 1#1: worker process 25 exited with code 0
2021/09/24 13:37:51 [notice] 1#1: exit
